<?xml version="1.0" encoding="UTF-8" ?>
<testsuite errors="0" failures="0" hostname="borrow" name="meathadmin.TakeOrderModelTest" skipped="0" tests="1" time="0.5" timestamp="2021-12-07T23:35:53">
  <properties>
[...]
</properties>
  <testcase classname="meathadmin.TakeOrderModelTest" name="testIsDbConnected" time="0.31" />
  <system-out><![CDATA[isDbConnected
]]></system-out>
  <system-err><![CDATA[Loading class `com.mysql.jdbc.Driver'. This is deprecated. The new driver class is `com.mysql.cj.jdbc.Driver'. The driver is automatically registered via the SPI and manual loading of the driver class is generally unnecessary.
]]></system-err>
</testsuite>
